<?xml version="1.0" encoding="UTF-8"?>
<testsuite xmlns:xsi="http://www.w3.org/2001/XMLSchema-instance" xsi:noNamespaceSchemaLocation="https://maven.apache.org/surefire/maven-surefire-plugin/xsd/surefire-test-report.xsd" version="3.0.2" name="sv.edu.udb.configuration.EnvironmentDbConfigTest" time="3.44" tests="5" errors="0" skipped="1" failures="0">
  <properties>
[...]
</properties>
  <testcase name="shouldDataSourceNotNull_When_EnvironmentConfigurationsNotNull" classname="sv.edu.udb.configuration.EnvironmentDbConfigTest" time="0.5">
    <system-out><![CDATA[09:04:54.467 [main] INFO org.springframework.test.context.support.AnnotationConfigContextLoaderUtils -- Could not detect default configuration classes for test class [sv.edu.udb.configuration.EnvironmentDbConfigTest]: EnvironmentDbConfigTest does not declare any static, non-private, non-final, nested classes annotated with @Configuration.
09:04:54.618 [main] INFO org.springframework.boot.test.context.SpringBootTestContextBootstrapper -- Found @SpringBootConfiguration sv.edu.udb.SpringExtConfigApplication for test class sv.edu.udb.configuration.EnvironmentDbConfigTest

  .   ____          _            __ _ _
 /\\ / ___'_ __ _ _(_)_ __  __ _ \ \ \ \
( ( )\___ | '_ | '_| | '_ \/ _` | \ \ \ \
 \\/  ___)| |_)| | | | | || (_| |  ) ) ) )
  '  |____| .__|_| |_|_| |_\__, | / / / /
 =========|_|==============|___/=/_/_/_/

 :: Spring Boot ::                (v3.4.7)

2025-07-23T09:04:55.140-06:00  INFO 6088 --- [spring-ext-config] [           main] s.e.u.c.EnvironmentDbConfigTest          : Starting EnvironmentDbConfigTest using Java 24.0.1 with PID 6088 (started by PC in C:\Users\PC\Documents\spring-ext-config)
2025-07-23T09:04:55.142-06:00  INFO 6088 --- [spring-ext-config] [           main] s.e.u.c.EnvironmentDbConfigTest          : The following 1 profile is active: "prod"
2025-07-23T09:04:55.542-06:00  INFO 6088 --- [spring-ext-config] [           main] .s.d.r.c.RepositoryConfigurationDelegate : Bootstrapping Spring Data JPA repositories in DEFAULT mode.
2025-07-23T09:04:55.566-06:00  INFO 6088 --- [spring-ext-config] [           main] .s.d.r.c.RepositoryConfigurationDelegate : Finished Spring Data repository scanning in 12 ms. Found 0 JPA repository interfaces.
2025-07-23T09:04:55.950-06:00  INFO 6088 --- [spring-ext-config] [           main] com.zaxxer.hikari.HikariDataSource       : HikariPool-1 - Starting...
2025-07-23T09:04:56.131-06:00  INFO 6088 --- [spring-ext-config] [           main] com.zaxxer.hikari.pool.HikariPool        : HikariPool-1 - Added connection conn0: url=jdbc:h2:mem:prod user=SA
2025-07-23T09:04:56.133-06:00  INFO 6088 --- [spring-ext-config] [           main] com.zaxxer.hikari.HikariDataSource       : HikariPool-1 - Start completed.
2025-07-23T09:04:56.181-06:00  INFO 6088 --- [spring-ext-config] [           main] o.hibernate.jpa.internal.util.LogHelper  : HHH000204: Processing PersistenceUnitInfo [name: default]
2025-07-23T09:04:56.237-06:00  INFO 6088 --- [spring-ext-config] [           main] org.hibernate.Version                    : HHH000412: Hibernate ORM core version 6.6.18.Final
2025-07-23T09:04:56.268-06:00  INFO 6088 --- [spring-ext-config] [           main] o.h.c.internal.RegionFactoryInitiator    : HHH000026: Second-level cache disabled
2025-07-23T09:04:56.612-06:00  INFO 6088 --- [spring-ext-config] [           main] o.s.o.j.p.SpringPersistenceUnitInfo      : No LoadTimeWeaver setup: ignoring JPA class transformer
2025-07-23T09:04:56.694-06:00  INFO 6088 --- [spring-ext-config] [           main] org.hibernate.orm.connections.pooling    : HHH10001005: Database info:
	Database JDBC URL [Connecting through datasource 'HikariDataSource (HikariPool-1)']
	Database driver: undefined/unknown
	Database version: 2.3.232
	Autocommit mode: undefined/unknown
	Isolation level: undefined/unknown
	Minimum pool size: undefined/unknown
	Maximum pool size: undefined/unknown
2025-07-23T09:04:57.031-06:00  INFO 6088 --- [spring-ext-config] [           main] o.h.e.t.j.p.i.JtaPlatformInitiator       : HHH000489: No JTA platform available (set 'hibernate.transaction.jta.platform' to enable JTA platform integration)
2025-07-23T09:04:57.035-06:00  INFO 6088 --- [spring-ext-config] [           main] j.LocalContainerEntityManagerFactoryBean : Initialized JPA EntityManagerFactory for persistence unit 'default'
2025-07-23T09:04:57.175-06:00  INFO 6088 --- [spring-ext-config] [           main] s.e.u.c.EnvironmentDbConfigTest          : Started EnvironmentDbConfigTest in 2.391 seconds (process running for 3.759)
]]></system-out>
    <system-err><![CDATA[Mockito is currently self-attaching to enable the inline-mock-maker. This will no longer work in future releases of the JDK. Please add Mockito as an agent to your build what is described in Mockito's documentation: https://javadoc.io/doc/org.mockito/mockito-core/latest/org/mockito/Mockito.html#0.3
WARNING: A Java agent has been loaded dynamically (C:\Users\PC\.m2\repository\net\bytebuddy\byte-buddy-agent\1.15.11\byte-buddy-agent-1.15.11.jar)
WARNING: If a serviceability tool is in use, please run with -XX:+EnableDynamicAgentLoading to hide this warning
WARNING: If a serviceability tool is not in use, please run with -Djdk.instrument.traceUsage for more information
WARNING: Dynamic loading of agents will be disallowed by default in a future release
]]></system-err>
  </testcase>
  <testcase name="shouldEnvironmentHasValue_When_SpringProdContextWork" classname="sv.edu.udb.configuration.EnvironmentDbConfigTest" time="0.007">
    <system-out><![CDATA[2025-07-23T09:04:57.713-06:00  INFO 6088 --- [spring-ext-config] [           main] .j.AbstractExpressionEvaluatingCondition : void sv.edu.udb.configuration.EnvironmentDbConfigTest.shouldEnvironmentHasValue_When_SpringProdContextWork() is enabled because @EnabledIf("#{environment['spring.profiles.active'] == 'prod'}") evaluated to true
]]></system-out>
  </testcase>
  <testcase name="shouldGetCurrentDateFromH2Db_When_DataSourceIsNotNull" classname="sv.edu.udb.configuration.EnvironmentDbConfigTest" time="0.015"/>
  <testcase name="shouldEnvironmentHasValue_When_SpringDevContextWork" classname="sv.edu.udb.configuration.EnvironmentDbConfigTest" time="0.0">
    <skipped message="void sv.edu.udb.configuration.EnvironmentDbConfigTest.shouldEnvironmentHasValue_When_SpringDevContextWork() is disabled because @EnabledIf(&quot;#{environment[&apos;spring.profiles.active&apos;] == &apos;dev&apos;}&quot;) did not evaluate to true"/>
  </testcase>
  <testcase name="shouldConfigurationNotNull_When_SpringContextWork" classname="sv.edu.udb.configuration.EnvironmentDbConfigTest" time="0.002"/>
</testsuite>