<?xml version="1.0" encoding="UTF-8"?>
<testsuite xmlns:xsi="http://www.w3.org/2001/XMLSchema-instance" xsi:noNamespaceSchemaLocation="https://maven.apache.org/surefire/maven-surefire-plugin/xsd/surefire-test-report.xsd" version="3.0.2" name="sv.edu.udb.service.MovieServiceTest" time="2.078" tests="4" errors="0" skipped="0" failures="0">
  <properties>
[...]
</properties>
  <testcase name="shouldMovieServiceNotNull_When_SpringContextWorks" classname="sv.edu.udb.service.MovieServiceTest" time="0.801">
    <system-out><![CDATA[08:45:16.346 [main] INFO org.springframework.test.context.support.AnnotationConfigContextLoaderUtils -- Could not detect default configuration classes for test class [sv.edu.udb.service.MovieServiceTest]: MovieServiceTest does not declare any static, non-private, non-final, nested classes annotated with @Configuration.
08:45:16.487 [main] INFO org.springframework.boot.test.context.SpringBootTestContextBootstrapper -- Found @SpringBootConfiguration sv.edu.udb.SpringDiApplication for test class sv.edu.udb.service.MovieServiceTest

  .   ____          _            __ _ _
 /\\ / ___'_ __ _ _(_)_ __  __ _ \ \ \ \
( ( )\___ | '_ | '_| | '_ \/ _` | \ \ \ \
 \\/  ___)| |_)| | | | | || (_| |  ) ) ) )
  '  |____| .__|_| |_|_| |_\__, | / / / /
 =========|_|==============|___/=/_/_/_/

 :: Spring Boot ::                (v3.4.7)

2025-07-23T08:45:16.976-06:00  INFO 6636 --- [spring-di] [           main] sv.edu.udb.service.MovieServiceTest      : Starting MovieServiceTest using Java 24.0.1 with PID 6636 (started by PC in C:\Users\PC\Documents\spring-di)
2025-07-23T08:45:16.978-06:00  INFO 6636 --- [spring-di] [           main] sv.edu.udb.service.MovieServiceTest      : No active profile set, falling back to 1 default profile: "default"
2025-07-23T08:45:17.417-06:00  INFO 6636 --- [spring-di] [           main] sv.edu.udb.service.MovieServiceTest      : Started MovieServiceTest in 0.774 seconds (process running for 2.142)
]]></system-out>
    <system-err><![CDATA[Mockito is currently self-attaching to enable the inline-mock-maker. This will no longer work in future releases of the JDK. Please add Mockito as an agent to your build what is described in Mockito's documentation: https://javadoc.io/doc/org.mockito/mockito-core/latest/org/mockito/Mockito.html#0.3
WARNING: A Java agent has been loaded dynamically (C:\Users\PC\.m2\repository\net\bytebuddy\byte-buddy-agent\1.15.11\byte-buddy-agent-1.15.11.jar)
WARNING: If a serviceability tool is in use, please run with -XX:+EnableDynamicAgentLoading to hide this warning
WARNING: If a serviceability tool is not in use, please run with -Djdk.instrument.traceUsage for more information
WARNING: Dynamic loading of agents will be disallowed by default in a future release
]]></system-err>
  </testcase>
  <testcase name="shouldThrowNoSuchElementException_When_MovieIdDoesNotExists" classname="sv.edu.udb.service.MovieServiceTest" time="0.01"/>
  <testcase name="shouldMovieRepositoryNotNull_When_DIWorks" classname="sv.edu.udb.service.MovieServiceTest" time="0.005"/>
  <testcase name="shouldGetAMovie_When_TheMovieIdExists" classname="sv.edu.udb.service.MovieServiceTest" time="0.003"/>
</testsuite>